Arguments: 
  C:\Program Files\nodejs\node.exe C:\Users\Administrator\AppData\Roaming\npm\node_modules\yarn\bin\yarn.js init

PATH: 
  C:\Users\Administrator\bin;D:\Program Files\Git\mingw64\bin;D:\Program Files\Git\usr\local\bin;D:\Program Files\Git\usr\bin;D:\Program Files\Git\usr\bin;D:\Program Files\Git\mingw64\bin;D:\Program Files\Git\usr\bin;C:\Users\Administrator\bin;C:\Python27;C:\Python27\Scripts;C:\Ruby192\bin;C:\Windows\system32;C:\Windows;C:\Windows\System32\Wbem;C:\Windows\System32\WindowsPowerShell\v1.0;D:\Program Files\TortoiseSVN\bin;D:\Program Files\HashiCorp\Vagrant\bin;C:\Program Files\Redis;D:\Program Files\Git\cmd;C:\Program Files\nodejs;D:\Program Files (x86)\DBank\ClickUp;D:\Program Files (x86)\DBank\ClickUp;C:\Program Files (x86)\Microsoft VS Code\bin;C:\Users\Administrator\AppData\Roaming\npm;C:\Users\Administrator\AppData\Roaming\npm;D:\Program Files\Git\usr\bin\vendor_perl;D:\Program Files\Git\usr\bin\core_perl

Yarn version: 
  0.19.1

Node version: 
  8.2.1

Platform: 
  win32 x64

npm manifest: 
  No manifest

yarn manifest: 
  No manifest

Lockfile: 
  No lockfile

Trace: 
  Error: Can't answer a question unless a user TTY
      at ConsoleReporter.question (C:\Users\Administrator\AppData\Roaming\npm\node_modules\yarn\lib\reporters\console\console-reporter.js:200:29)
      at Object.<anonymous> (C:\Users\Administrator\AppData\Roaming\npm\node_modules\yarn\lib\cli\commands\init.js:115:38)
      at Generator.next (<anonymous>)
      at step (C:\Users\Administrator\AppData\Roaming\npm\node_modules\yarn\node_modules\.6.22.0@babel-runtime\helpers\asyncToGenerator.js:17:30)
      at C:\Users\Administrator\AppData\Roaming\npm\node_modules\yarn\node_modules\.6.22.0@babel-runtime\helpers\asyncToGenerator.js:28:13
      at <anonymous>
